#
# A fatal error has been detected by the Java Runtime Environment:
#
#  SIGSEGV (0xb) at pc=0x00007fce5ec47b56, pid=2215, tid=2246
#
# JRE version: OpenJDK Runtime Environment (11.0.20+8) (build 11.0.20+8-post-Ubuntu-1ubuntu122.04)
# Java VM: OpenJDK 64-Bit Server VM (11.0.20+8-post-Ubuntu-1ubuntu122.04, mixed mode, sharing, tiered, compressed oops, g1 gc, linux-amd64)
# Problematic frame:
# C  [libnvwgf2umx.so+0x2ca0b56]
#
# No core dump will be written. Core dumps have been disabled. To enable core dumping, try "ulimit -c unlimited" before starting Java again
#
# If you would like to submit a bug report, please visit:
#   https://bugs.launchpad.net/ubuntu/+source/openjdk-lts
#

---------------  S U M M A R Y ------------

Command Line: --add-modules=javafx.controls --module-path=/home/k/.gradle/caches/modules-2/files-2.1/org.openjfx/javafx-controls/17.0.8/350ec094781120cfa3dfd4158518707af30de8d4/javafx-controls-17.0.8-linux.jar:/home/k/.gradle/caches/modules-2/files-2.1/org.openjfx/javafx-graphics/17.0.8/4024c37a783c7183d4cc344bd5832dcab0cdfad7/javafx-graphics-17.0.8-linux.jar:/home/k/.gradle/caches/modules-2/files-2.1/org.openjfx/javafx-base/17.0.8/240b9e27db10996d789dfae2c02de0dd22124fc6/javafx-base-17.0.8-linux.jar -Dfile.encoding=UTF-8 -Duser.country -Duser.language=en -Duser.variant edu.curtin.saed.assignment1.App

Host: AMD Ryzen 7 7800X3D 8-Core Processor, 16 cores, 15G, Ubuntu 22.04.3 LTS
Time: Thu Aug 31 16:01:20 2023 AWST elapsed time: 8.374275 seconds (0d 0h 0m 8s)

---------------  T H R E A D  ---------------

Current thread is native thread

Stack: [0x00007fce5b7a8000,0x00007fce5bfa7000],  sp=0x00007fce5bfa5da0,  free space=8183k
Native frames: (J=compiled Java code, A=aot compiled Java code, j=interpreted, Vv=VM code, C=native code)
C  [libnvwgf2umx.so+0x2ca0b56]


siginfo: si_signo: 11 (SIGSEGV), si_code: 1 (SEGV_MAPERR), si_addr: 0x00007fcec42fb000

Register to memory mapping:
